2018-Feb-20 09:18:58 Наличие необходимых модулей php (check_php_modules): Ok
Все необходимые модули установлены
2018-Feb-20 09:18:58 Обязательные параметры PHP (check_php_settings): Ok
Настройки правильные
2018-Feb-20 09:18:58 Модули веб-сервера (check_security): Ok
Конфликтов не выявлено
2018-Feb-20 09:18:58 Значения переменных сервера (check_server_vars): Ok
Корректные
2018-Feb-20 09:18:58 Сохранение сессии (check_session): Ok
50% done
2018-Feb-20 09:18:58 Сохранение сессии (check_session): Ok
Успешно
2018-Feb-20 09:18:58 Параметры настройки UTF (mbstring и константа BX_UTF) (check_mbstring): Ok
Правильные. Сайт работает в UTF кодировке
2018-Feb-20 09:18:59 Служебные скрипты в корне сайта (check_install_scripts): Ok
Отсутствуют
2018-Feb-20 09:18:59 Работа с сокетами (check_socket): Ok
Connection to www.sibtrans.ru:80	Success

Успешно
2018-Feb-20 09:18:59 Выполнение агентов на cron (check_bx_crontab): Ok
Успешно
2018-Feb-20 09:18:59 Параметры подключения к базе данных (check_dbconn_settings): Ok
Успешно
2018-Feb-20 09:18:59 Лишний вывод в файлах конфигурации (check_dbconn): Ok
Connection to www.sibtrans.ru:80	Success

Успешно
2018-Feb-20 09:18:59 Сохранение сессии без UserAgent (check_session_ua): Ok
50% done
Connection to www.sibtrans.ru:80	Success

2018-Feb-20 09:18:59 Сохранение сессии без UserAgent (check_session_ua): Ok
Connection to www.sibtrans.ru:80	Success

Успешно
2018-Feb-20 09:18:59 Настройки сайтов (check_sites): Ok
Правильные
2018-Feb-20 09:18:59 Передача объектов по ссылке (check_clone): Ok
Успешно
2018-Feb-20 09:19:00 Размер стека и pcre.recursion_limit (check_pcre_recursion): Ok
Connection to www.sibtrans.ru:80	Success

Успешно
2018-Feb-20 09:19:00 Загрузка файла (check_upload): Ok
Connection to www.sibtrans.ru:80	Success

Успешно
2018-Feb-20 09:19:00 Загрузка файла больше 4Мб (check_upload_big): Ok
Connection to www.sibtrans.ru:80	Success

Успешно
2018-Feb-20 09:19:00 Загрузка файла через php://input (check_upload_raw): Ok
Connection to www.sibtrans.ru:80	Success

Успешно
2018-Feb-20 09:19:00 Передача POST запроса с большим числом параметров (check_post): Ok
Connection to www.sibtrans.ru:80	Success

Успешно
2018-Feb-20 09:19:01 Отправка почты (check_mail): Ok
Успешно
2018-Feb-20 09:19:03 Отправка почтового сообщения больше 64Кб (check_mail_big): Warning
Замечание. Отправлено. Время отправки: 1.49 сек.
2018-Feb-20 09:19:03 Проверка на наличие неотправленных сообщений (check_mail_b_event): Ok
Успешно
2018-Feb-20 09:19:03 Внутреннее перенаправление (функция LocalRedirect) (check_localredirect): Ok
50% done
Connection to www.sibtrans.ru:80	Success

2018-Feb-20 09:19:03 Внутреннее перенаправление (функция LocalRedirect) (check_localredirect): Ok
Connection to www.sibtrans.ru:80	Success

Успешно
2018-Feb-20 09:19:03 Фактическое ограничение памяти (check_memory_limit): Ok
20% done
Connection to www.sibtrans.ru:80	Success

2018-Feb-20 09:19:03 Фактическое ограничение памяти (check_memory_limit): Ok
40% done
Connection to www.sibtrans.ru:80	Success

2018-Feb-20 09:19:03 Фактическое ограничение памяти (check_memory_limit): Ok
60% done
Connection to www.sibtrans.ru:80	Success

2018-Feb-20 09:19:07 Фактическое ограничение памяти (check_memory_limit): Ok
80% done
Connection to www.sibtrans.ru:80	Success

2018-Feb-20 09:19:14 Фактическое ограничение памяти (check_memory_limit): Ok
Connection to www.sibtrans.ru:80	Success

Не менее 256 М
2018-Feb-20 09:19:14 Работа с файлами кеша (check_cache): Ok
Успешно
2018-Feb-20 09:19:14 Доступ к серверу обновлений (check_update): Ok
Успешно
2018-Feb-20 09:19:14 HTTP авторизация (check_http_auth): Ok
Connection to www.sibtrans.ru:80	Success

Успешно
2018-Feb-20 09:19:14 Создание и запуск файла (check_exec): Ok
Connection to www.sibtrans.ru:80	Success

Успешно
2018-Feb-20 09:19:15 Функция getimagesize для swf (check_getimagesize): Ok
Успешно
2018-Feb-20 09:19:15 Версия MySQL-сервера (check_mysql_bug_version): Ok
Успешно
2018-Feb-20 09:19:16 Время на БД и веб-сервере (check_mysql_time): Ok
Успешно
2018-Feb-20 09:19:16 Режим работы MySQL (check_mysql_mode): Ok
Успешно
2018-Feb-20 09:19:16 Кодировка соединения (check_mysql_connection_charset): Ok
character_set_connection=utf8, collation_connection=utf8_unicode_ci, character_set_results=utf8
Успешно
2018-Feb-20 09:19:16 Кодировка базы данных (check_mysql_db_charset): Ok
CHARSET=utf8, COLLATION=utf8_unicode_ci
Успешно
2018-Feb-20 09:19:16 Кодировки таблиц в БД (check_mysql_table_charset): Ok
Успешно
2018-Feb-20 09:19:17 Структура базы данных (check_mysql_table_structure): Ok
0% done
2018-Feb-20 09:19:17 Структура базы данных (check_mysql_table_structure): Ok
4% done
2018-Feb-20 09:19:17 Структура базы данных (check_mysql_table_structure): Ok
9% done
2018-Feb-20 09:19:18 Структура базы данных (check_mysql_table_structure): Ok
13% done
2018-Feb-20 09:19:18 Структура базы данных (check_mysql_table_structure): Ok
18% done
2018-Feb-20 09:19:18 Структура базы данных (check_mysql_table_structure): Ok
22% done
2018-Feb-20 09:19:18 Структура базы данных (check_mysql_table_structure): Ok
27% done
2018-Feb-20 09:19:18 Структура базы данных (check_mysql_table_structure): Ok
31% done
2018-Feb-20 09:19:18 Структура базы данных (check_mysql_table_structure): Ok
36% done
2018-Feb-20 09:19:18 Структура базы данных (check_mysql_table_structure): Ok
40% done
2018-Feb-20 09:19:19 Структура базы данных (check_mysql_table_structure): Ok
45% done
2018-Feb-20 09:19:19 Структура базы данных (check_mysql_table_structure): Ok
50% done
2018-Feb-20 09:19:19 Структура базы данных (check_mysql_table_structure): Ok
54% done
2018-Feb-20 09:19:19 Структура базы данных (check_mysql_table_structure): Ok
59% done
2018-Feb-20 09:19:19 Структура базы данных (check_mysql_table_structure): Ok
63% done
2018-Feb-20 09:19:21 Структура базы данных (check_mysql_table_structure): Ok
68% done
2018-Feb-20 09:19:21 Структура базы данных (check_mysql_table_structure): Ok
72% done
2018-Feb-20 09:19:22 Структура базы данных (check_mysql_table_structure): Ok
77% done
2018-Feb-20 09:19:22 Структура базы данных (check_mysql_table_structure): Ok
81% done
2018-Feb-20 09:19:22 Структура базы данных (check_mysql_table_structure): Ok
86% done
2018-Feb-20 09:19:23 Структура базы данных (check_mysql_table_structure): Ok
90% done
2018-Feb-20 09:19:23 Структура базы данных (check_mysql_table_structure): Ok
95% done
2018-Feb-20 09:19:23 Структура базы данных (check_mysql_table_structure): Ok
Успешно
